c:\users\kamal saad\desktop\project oop\otlob\otlob\debug\vc140.pdb
c:\users\kamal saad\desktop\project oop\otlob\otlob\debug\signup.obj
c:\users\kamal saad\desktop\project oop\otlob\otlob\debug\signin.obj
c:\users\kamal saad\desktop\project oop\otlob\otlob\debug\showrestaurants.obj
c:\users\kamal saad\desktop\project oop\otlob\otlob\debug\profile.obj
c:\users\kamal saad\desktop\project oop\otlob\otlob\debug\person.obj
c:\users\kamal saad\desktop\project oop\otlob\otlob\debug\orderfood.obj
c:\users\kamal saad\desktop\project oop\otlob\otlob\debug\home.obj
c:\users\kamal saad\desktop\project oop\otlob\otlob\debug\global.obj
c:\users\kamal saad\desktop\project oop\otlob\otlob\debug\adminformlogin.obj
c:\users\kamal saad\desktop\project oop\otlob\otlob\debug\adminform.obj
c:\users\kamal saad\desktop\project oop\otlob\otlob\debug\.netframework,version=v4.5.2.assemblyattributes.obj
c:\users\kamal saad\desktop\project oop\otlob\otlob\debug\.netframework,version=v4.5.2.assemblyattributes.asm
c:\users\kamal saad\desktop\project oop\otlob\debug\otlob.exe
c:\users\kamal saad\desktop\project oop\otlob\debug\otlob.pdb
c:\users\kamal saad\desktop\project oop\otlob\otlob\debug\otlob.tlog\metagen.write.1.tlog
c:\users\kamal saad\desktop\project oop\otlob\otlob\debug\otlob.adminform.resources
c:\users\kamal saad\desktop\project oop\otlob\otlob\debug\otlob.adminformlogin.resources
c:\users\kamal saad\desktop\project oop\otlob\otlob\debug\otlob.home.resources
c:\users\kamal saad\desktop\project oop\otlob\otlob\debug\otlob.orderfood.resources
c:\users\kamal saad\desktop\project oop\otlob\otlob\debug\otlob.profile.resources
c:\users\kamal saad\desktop\project oop\otlob\otlob\debug\otlob.showrestaurants.resources
c:\users\kamal saad\desktop\project oop\otlob\otlob\debug\otlob.signin.resources
c:\users\kamal saad\desktop\project oop\otlob\otlob\debug\otlob.signup.resources
c:\users\kamal saad\desktop\project oop\otlob\otlob\debug\otlob.vcxproj.generateresource.cache
c:\users\kamal saad\desktop\project oop\otlob\otlob\debug\otlob.tlog\cl.command.1.tlog
c:\users\kamal saad\desktop\project oop\otlob\otlob\debug\otlob.tlog\cl.read.1.tlog
c:\users\kamal saad\desktop\project oop\otlob\otlob\debug\otlob.tlog\cl.write.1.tlog
c:\users\kamal saad\desktop\project oop\otlob\otlob\debug\otlob.tlog\link.command.1.tlog
c:\users\kamal saad\desktop\project oop\otlob\otlob\debug\otlob.tlog\link.read.1.tlog
c:\users\kamal saad\desktop\project oop\otlob\otlob\debug\otlob.tlog\link.write.1.tlog
c:\users\kamal saad\desktop\project oop\otlob\otlob\debug\otlob.tlog\metagen.read.1.tlog
c:\users\kamal saad\desktop\project oop\otlob\otlob\debug\otlob.tlog\otlob.write.1u.tlog
c:\users\kamal saad\desktop\project oop\otlob\otlob\debug\otlob.tlog\bunifu_ui_v1.52.dll.metagen
c:\users\kamal saad\desktop\project oop\otlob\otlob\debug\otlob.tlog\tzres.dll.bi
